08:43:26: Creating resource group General
08:43:26: Creating resource group Internal
08:43:26: Creating resource group Autodetect
08:43:26: SceneManagerFactory for type 'DefaultSceneManager' registered.
08:43:26: Registering ResourceManager for type Material
08:43:26: Registering ResourceManager for type Mesh
08:43:26: Registering ResourceManager for type Skeleton
08:43:26: MovableObjectFactory for type 'ParticleSystem' registered.
08:43:26: OverlayElementFactory for type Panel registered.
08:43:26: OverlayElementFactory for type BorderPanel registered.
08:43:26: OverlayElementFactory for type TextArea registered.
08:43:26: Registering ResourceManager for type Font
08:43:26: ArchiveFactory for archive type FileSystem registered.
08:43:26: ArchiveFactory for archive type Zip registered.
08:43:26: DDS codec registering
08:43:26: FreeImage version: 3.13.1
08:43:26: This program uses FreeImage, a free, open source image library supporting all common bitmap formats. See http://freeimage.sourceforge.net for details
08:43:26: Supported formats: bmp,ico,jpg,jif,jpeg,jpe,jng,koa,iff,lbm,mng,pbm,pbm,pcd,pcx,pgm,pgm,png,ppm,ppm,ras,tga,targa,tif,tiff,wap,wbmp,wbm,psd,cut,xbm,xpm,gif,hdr,g3,sgi,exr,j2k,j2c,jp2,pfm,pct,pict,pic,bay,bmq,cr2,crw,cs1,dc2,dcr,dng,erf,fff,hdr,k25,kdc,mdc,mos,mrw,nef,orf,pef,pxn,raf,raw,rdc,sr2,srf,arw,3fr,cine,ia,kc2,mef,nrw,qtk,rw2,sti,drf,dsc,ptx,cap,iiq,rwz
08:43:26: Registering ResourceManager for type HighLevelGpuProgram
08:43:26: Registering ResourceManager for type Compositor
08:43:26: MovableObjectFactory for type 'Entity' registered.
08:43:26: MovableObjectFactory for type 'Light' registered.
08:43:26: MovableObjectFactory for type 'BillboardSet' registered.
08:43:26: MovableObjectFactory for type 'ManualObject' registered.
08:43:26: MovableObjectFactory for type 'BillboardChain' registered.
08:43:26: MovableObjectFactory for type 'RibbonTrail' registered.
08:43:26: Loading library /home/chrismar035/ogre/ogre_src_v1-7-2/build/lib/RenderSystem_GL
08:43:26: Installing plugin: GL RenderSystem
08:43:26: OpenGL Rendering Subsystem created.
08:43:26: Plugin successfully installed
08:43:26: Loading library /home/chrismar035/ogre/ogre_src_v1-7-2/build/lib/Plugin_ParticleFX
08:43:26: Installing plugin: ParticleFX
08:43:26: Particle Emitter Type 'Point' registered
08:43:26: Particle Emitter Type 'Box' registered
08:43:26: Particle Emitter Type 'Ellipsoid' registered
08:43:26: Particle Emitter Type 'Cylinder' registered
08:43:26: Particle Emitter Type 'Ring' registered
08:43:26: Particle Emitter Type 'HollowEllipsoid' registered
08:43:26: Particle Affector Type 'LinearForce' registered
08:43:26: Particle Affector Type 'ColourFader' registered
08:43:26: Particle Affector Type 'ColourFader2' registered
08:43:26: Particle Affector Type 'ColourImage' registered
08:43:26: Particle Affector Type 'ColourInterpolator' registered
08:43:26: Particle Affector Type 'Scaler' registered
08:43:26: Particle Affector Type 'Rotator' registered
08:43:26: Particle Affector Type 'DirectionRandomiser' registered
08:43:26: Particle Affector Type 'DeflectorPlane' registered
08:43:26: Plugin successfully installed
08:43:26: Loading library /home/chrismar035/ogre/ogre_src_v1-7-2/build/lib/Plugin_BSPSceneManager
08:43:26: Installing plugin: BSP Scene Manager
08:43:26: Plugin successfully installed
08:43:26: Loading library /home/chrismar035/ogre/ogre_src_v1-7-2/build/lib/Plugin_CgProgramManager
08:43:27: Installing plugin: Cg Program Manager
08:43:27: Plugin successfully installed
08:43:27: Loading library /home/chrismar035/ogre/ogre_src_v1-7-2/build/lib/Plugin_PCZSceneManager
08:43:27: Installing plugin: Portal Connected Zone Scene Manager
08:43:27: PCZone Factory Type 'ZoneType_Default' registered
08:43:27: Plugin successfully installed
08:43:27: Loading library /home/chrismar035/ogre/ogre_src_v1-7-2/build/lib/Plugin_OctreeZone
08:43:27: Installing plugin: Octree Zone Factory
08:43:27: Plugin successfully installed
08:43:27: Loading library /home/chrismar035/ogre/ogre_src_v1-7-2/build/lib/Plugin_OctreeSceneManager
08:43:27: Installing plugin: Octree & Terrain Scene Manager
08:43:27: Plugin successfully installed
08:43:27: *-*-* OGRE Initialising
08:43:27: *-*-* Version 1.7.2 (Cthugha)
08:43:27: Creating resource group Essential
08:43:27: Added resource location '/home/chrismar035/ogre/ogre_src_v1-7-2/Samples/Media/thumbnails' of type 'FileSystem' to resource group 'Essential'
08:43:27: Added resource location '/home/chrismar035/ogre/ogre_src_v1-7-2/Samples/Media/packs/SdkTrays.zip' of type 'Zip' to resource group 'Essential'
08:43:27: Added resource location '/home/chrismar035/ogre/ogre_src_v1-7-2/Samples/Media' of type 'FileSystem' to resource group 'General'
08:43:27: Creating resource group Popular
08:43:27: Added resource location '/home/chrismar035/ogre/ogre_src_v1-7-2/Samples/Media/fonts' of type 'FileSystem' to resource group 'Popular'
08:43:27: Added resource location '/home/chrismar035/ogre/ogre_src_v1-7-2/Samples/Media/materials/programs' of type 'FileSystem' to resource group 'Popular'
08:43:27: Added resource location '/home/chrismar035/ogre/ogre_src_v1-7-2/Samples/Media/materials/scripts' of type 'FileSystem' to resource group 'Popular'
08:43:27: Added resource location '/home/chrismar035/ogre/ogre_src_v1-7-2/Samples/Media/materials/textures' of type 'FileSystem' to resource group 'Popular'
08:43:27: Added resource location '/home/chrismar035/ogre/ogre_src_v1-7-2/Samples/Media/materials/textures/nvidia' of type 'FileSystem' to resource group 'Popular'
08:43:27: Added resource location '/home/chrismar035/ogre/ogre_src_v1-7-2/Samples/Media/models' of type 'FileSystem' to resource group 'Popular'
08:43:27: Added resource location '/home/chrismar035/ogre/ogre_src_v1-7-2/Samples/Media/particle' of type 'FileSystem' to resource group 'Popular'
08:43:27: Added resource location '/home/chrismar035/ogre/ogre_src_v1-7-2/Samples/Media/DeferredShadingMedia' of type 'FileSystem' to resource group 'Popular'
08:43:27: Added resource location '/home/chrismar035/ogre/ogre_src_v1-7-2/Samples/Media/PCZAppMedia' of type 'FileSystem' to resource group 'Popular'
08:43:27: Added resource location '/home/chrismar035/ogre/ogre_src_v1-7-2/Samples/Media/RTShaderLib' of type 'FileSystem' to resource group 'Popular'
08:43:27: Added resource location '/home/chrismar035/ogre/ogre_src_v1-7-2/Samples/Media/RTShaderLib/materials' of type 'FileSystem' to resource group 'Popular'
08:43:27: Added resource location '/home/chrismar035/ogre/ogre_src_v1-7-2/Samples/Media/packs/cubemap.zip' of type 'Zip' to resource group 'Popular'
08:43:27: Added resource location '/home/chrismar035/ogre/ogre_src_v1-7-2/Samples/Media/packs/cubemapsJS.zip' of type 'Zip' to resource group 'Popular'
08:43:27: Added resource location '/home/chrismar035/ogre/ogre_src_v1-7-2/Samples/Media/packs/dragon.zip' of type 'Zip' to resource group 'Popular'
08:43:27: Added resource location '/home/chrismar035/ogre/ogre_src_v1-7-2/Samples/Media/packs/fresneldemo.zip' of type 'Zip' to resource group 'Popular'
08:43:27: Added resource location '/home/chrismar035/ogre/ogre_src_v1-7-2/Samples/Media/packs/ogretestmap.zip' of type 'Zip' to resource group 'Popular'
08:43:27: Added resource location '/home/chrismar035/ogre/ogre_src_v1-7-2/Samples/Media/packs/ogredance.zip' of type 'Zip' to resource group 'Popular'
08:43:27: Added resource location '/home/chrismar035/ogre/ogre_src_v1-7-2/Samples/Media/packs/Sinbad.zip' of type 'Zip' to resource group 'Popular'
08:43:27: Added resource location '/home/chrismar035/ogre/ogre_src_v1-7-2/Samples/Media/packs/skybox.zip' of type 'Zip' to resource group 'Popular'
08:43:29: CPU Identifier & Features
08:43:29: -------------------------
08:43:29:  *   CPU ID: AuthenticAMD: AMD Phenom(tm) II X4 955 Processor
08:43:29:  *      SSE: yes
08:43:29:  *     SSE2: yes
08:43:29:  *     SSE3: yes
08:43:29:  *      MMX: yes
08:43:29:  *   MMXEXT: yes
08:43:29:  *    3DNOW: yes
08:43:29:  * 3DNOWEXT: yes
08:43:29:  *     CMOV: yes
08:43:29:  *      TSC: yes
08:43:29:  *      FPU: yes
08:43:29:  *      PRO: yes
08:43:29:  *       HT: no
08:43:29: -------------------------
08:43:29: ******************************
*** Starting GLX Subsystem ***
******************************
08:43:29: GLRenderSystem::_createRenderWindow "TutorialApplication Render Window", 1440x900 windowed  miscParams: FSAA=0 displayFrequency=50 MHz gamma=Yes vsync=No 
08:43:29: GLXWindow::create used FBConfigID = 117
08:43:29: GL_VERSION = 3.3.0 NVIDIA 260.19.06
08:43:29: GL_VENDOR = NVIDIA Corporation
08:43:29: GL_RENDERER = GeForce 9500 GT/PCI/SSE2
08:43:29: GL_EXTENSIONS = GL_ARB_blend_func_extended GL_ARB_color_buffer_float GL_ARB_compatibility GL_ARB_copy_buffer GL_ARB_depth_buffer_float GL_ARB_depth_clamp GL_ARB_depth_texture GL_ARB_draw_buffers GL_ARB_draw_elements_base_vertex GL_ARB_draw_instanced GL_ARB_ES2_compatibility GL_ARB_explicit_attrib_location GL_ARB_fragment_coord_conventions GL_ARB_fragment_program GL_ARB_fragment_program_shadow GL_ARB_fragment_shader GL_ARB_framebuffer_object GL_ARB_framebuffer_sRGB GL_ARB_geometry_shader4 GL_ARB_get_program_binary GL_ARB_half_float_pixel GL_ARB_half_float_vertex GL_ARB_imaging GL_ARB_instanced_arrays GL_ARB_map_buffer_range GL_ARB_multisample GL_ARB_multitexture GL_ARB_occlusion_query GL_ARB_occlusion_query2 GL_ARB_pixel_buffer_object GL_ARB_point_parameters GL_ARB_point_sprite GL_ARB_provoking_vertex GL_ARB_robustness GL_ARB_sampler_objects GL_ARB_seamless_cube_map GL_ARB_separate_shader_objects GL_ARB_shader_bit_encoding GL_ARB_shader_objects GL_ARB_shading_language_100 GL_ARB_shadow GL_ARB_sync GL_ARB_texture_border_clamp GL_ARB_texture_buffer_object GL_ARB_texture_compression GL_ARB_texture_compression_rgtc GL_ARB_texture_cube_map GL_ARB_texture_env_add GL_ARB_texture_env_combine GL_ARB_texture_env_crossbar GL_ARB_texture_env_dot3 GL_ARB_texture_float GL_ARB_texture_mirrored_repeat GL_ARB_texture_multisample GL_ARB_texture_non_power_of_two GL_ARB_texture_rectangle GL_ARB_texture_rg GL_ARB_texture_rgb10_a2ui GL_ARB_texture_swizzle GL_ARB_timer_query GL_ARB_transpose_matrix GL_ARB_uniform_buffer_object GL_ARB_vertex_array_bgra GL_ARB_vertex_array_object GL_ARB_vertex_buffer_object GL_ARB_vertex_program GL_ARB_vertex_shader GL_ARB_vertex_type_2_10_10_10_rev GL_ARB_viewport_array GL_ARB_window_pos GL_ATI_draw_buffers GL_ATI_texture_float GL_ATI_texture_mirror_once GL_S3_s3tc GL_EXT_texture_env_add GL_EXT_abgr GL_EXT_bgra GL_EXT_bindable_uniform GL_EXT_blend_color GL_EXT_blend_equation_separate GL_EXT_blend_func_separate GL_EXT_blend_minmax GL_EXT_blend_subtract GL_EXT_compiled_vertex_array GL_EXT_Cg_shader GL_EXT_depth_bounds_test GL_EXT_direct_state_access GL_EXT_draw_buffers2 GL_EXT_draw_instanced GL_EXT_draw_range_elements GL_EXT_fog_coord GL_EXT_framebuffer_blit GL_EXT_framebuffer_multisample GL_EXTX_framebuffer_mixed_formats GL_EXT_framebuffer_object GL_EXT_framebuffer_sRGB GL_EXT_geometry_shader4 GL_EXT_gpu_program_parameters GL_EXT_gpu_shader4 GL_EXT_multi_draw_arrays GL_EXT_packed_depth_stencil GL_EXT_packed_float GL_EXT_packed_pixels GL_EXT_pixel_buffer_object GL_EXT_point_parameters GL_EXT_provoking_vertex GL_EXT_rescale_normal GL_EXT_secondary_color GL_EXT_separate_shader_objects GL_EXT_separate_specular_color GL_EXT_shadow_funcs GL_EXT_stencil_two_side GL_EXT_stencil_wrap GL_EXT_texture3D GL_EXT_texture_array GL_EXT_texture_buffer_object GL_EXT_texture_compression_latc GL_EXT_texture_compression_rgtc GL_EXT_texture_compression_s3tc GL_EXT_texture_cube_map GL_EXT_texture_edge_clamp GL_EXT_texture_env_combine GL_EXT_texture_env_dot3 GL_EXT_texture_filter_anisotropic GL_EXT_texture_integer GL_EXT_texture_lod GL_EXT_texture_lod_bias GL_EXT_texture_mirror_clamp GL_EXT_texture_object GL_EXT_texture_shared_exponent GL_EXT_texture_sRGB GL_EXT_texture_swizzle GL_EXT_timer_query GL_EXT_vertex_array GL_EXT_vertex_array_bgra GL_IBM_rasterpos_clip GL_IBM_texture_mirrored_repeat GL_KTX_buffer_region GL_NV_blend_square GL_NV_conditional_render GL_NV_copy_depth_to_color GL_NV_copy_image GL_NV_depth_buffer_float GL_NV_depth_clamp GL_NV_explicit_multisample GL_NV_fence GL_NV_float_buffer GL_NV_fog_distance GL_NV_fragment_program GL_NV_fragment_program_option GL_NV_fragment_program2 GL_NV_framebuffer_multisample_coverage GL_NV_geometry_shader4 GL_NV_gpu_program4 GL_NV_half_float GL_NV_light_max_exponent GL_NV_multisample_coverage GL_NV_multisample_filter_hint GL_NV_occlusion_query GL_NV_packed_depth_stencil GL_NV_parameter_buffer_object GL_NV_parameter_buffer_object2 GL_NV_pixel_data_range GL_NV_point_sprite GL_NV_primitive_restart GL_NV_register_combiners GL_NV_register_combiners2 GL_NV_shader_buffer_load GL_NV_texgen_reflection GL_NV_texture_barrier GL_NV_texture_compression_vtc GL_NV_texture_env_combine4 GL_NV_texture_expand_normal GL_NV_texture_multisample GL_NV_texture_rectangle GL_NV_texture_shader GL_NV_texture_shader2 GL_NV_texture_shader3 GL_NV_transform_feedback GL_NV_vdpau_interop GL_NV_vertex_array_range GL_NV_vertex_array_range2 GL_NV_vertex_buffer_unified_memory GL_NV_vertex_program GL_NV_vertex_program1_1 GL_NV_vertex_program2 GL_NV_vertex_program2_option GL_NV_vertex_program3 GL_NVX_conditional_render GL_NVX_gpu_memory_info GL_SGIS_generate_mipmap GL_SGIS_texture_lod GL_SGIX_depth_texture GL_SGIX_shadow GL_SUN_slice_accum 
08:43:29: Supported GLX extensions: GLX_EXT_visual_info GLX_EXT_visual_rating GLX_SGIX_fbconfig GLX_SGIX_pbuffer GLX_SGI_video_sync GLX_SGI_swap_control GLX_EXT_swap_control GLX_EXT_texture_from_pixmap GLX_ARB_create_context GLX_ARB_create_context_profile GLX_EXT_create_context_es2_profile GLX_ARB_create_context_robustness GLX_ARB_multisample GLX_NV_float_buffer GLX_ARB_fbconfig_float GLX_EXT_framebuffer_sRGB GLX_ARB_get_proc_address 
08:43:29: ***************************
08:43:29: *** GL Renderer Started ***
08:43:29: ***************************
08:43:29: Registering ResourceManager for type GpuProgram
08:43:29: GLSL support detected
08:43:29: GL: Using GL_EXT_framebuffer_object for rendering to textures (best)
08:43:29: FBO PF_UNKNOWN depth/stencil support: D16S0 D24S0 D32S0 Packed-D24S8 
08:43:29: FBO PF_L8 depth/stencil support: D0S0 D16S0 D24S0 D32S0 Packed-D24S8 
08:43:29: FBO PF_A8 depth/stencil support: D0S0 D16S0 D24S0 D32S0 Packed-D24S8 
08:43:29: FBO PF_A4L4 depth/stencil support: D0S0 D16S0 D24S0 D32S0 Packed-D24S8 
08:43:29: FBO PF_BYTE_LA depth/stencil support: D0S0 D16S0 D24S0 D32S0 Packed-D24S8 
08:43:29: FBO PF_R5G6B5 depth/stencil support: D0S0 D16S0 D24S0 D32S0 Packed-D24S8 
08:43:29: FBO PF_B5G6R5 depth/stencil support: D0S0 D16S0 D24S0 D32S0 Packed-D24S8 
08:43:29: FBO PF_A1R5G5B5 depth/stencil support: D0S0 D16S0 D24S0 D32S0 Packed-D24S8 
08:43:29: FBO PF_R8G8B8 depth/stencil support: D0S0 D16S0 D24S0 D32S0 Packed-D24S8 
08:43:29: FBO PF_B8G8R8 depth/stencil support: D0S0 D16S0 D24S0 D32S0 Packed-D24S8 
08:43:29: FBO PF_A8R8G8B8 depth/stencil support: D0S0 D16S0 D24S0 D32S0 Packed-D24S8 
08:43:29: FBO PF_B8G8R8A8 depth/stencil support: D0S0 D16S0 D24S0 D32S0 Packed-D24S8 
08:43:29: FBO PF_A2R10G10B10 depth/stencil support: D0S0 D16S0 D24S0 D32S0 Packed-D24S8 
08:43:29: FBO PF_A2B10G10R10 depth/stencil support: D0S0 D16S0 D24S0 D32S0 Packed-D24S8 
08:43:29: FBO PF_FLOAT16_RGB depth/stencil support: D0S0 D16S0 D24S0 D32S0 Packed-D24S8 
08:43:29: FBO PF_FLOAT16_RGBA depth/stencil support: D0S0 D16S0 D24S0 D32S0 Packed-D24S8 
08:43:29: FBO PF_FLOAT32_RGB depth/stencil support: D0S0 D16S0 D24S0 D32S0 Packed-D24S8 
08:43:29: FBO PF_FLOAT32_RGBA depth/stencil support: D0S0 D16S0 D24S0 D32S0 Packed-D24S8 
08:43:29: FBO PF_X8R8G8B8 depth/stencil support: D0S0 D16S0 D24S0 D32S0 Packed-D24S8 
08:43:29: FBO PF_X8B8G8R8 depth/stencil support: D0S0 D16S0 D24S0 D32S0 Packed-D24S8 
08:43:29: FBO PF_SHORT_RGBA depth/stencil support: D0S0 D16S0 D24S0 D32S0 Packed-D24S8 
08:43:29: FBO PF_R3G3B2 depth/stencil support: D0S0 D16S0 D24S0 D32S0 Packed-D24S8 
08:43:29: FBO PF_FLOAT16_R depth/stencil support: D0S0 D16S0 D24S0 D32S0 Packed-D24S8 
08:43:29: FBO PF_FLOAT32_R depth/stencil support: D0S0 D16S0 D24S0 D32S0 Packed-D24S8 
08:43:29: FBO PF_FLOAT16_GR depth/stencil support: D0S0 D16S0 D24S0 D32S0 Packed-D24S8 
08:43:29: FBO PF_FLOAT32_GR depth/stencil support: D0S0 D16S0 D24S0 D32S0 Packed-D24S8 
08:43:29: FBO PF_SHORT_RGB depth/stencil support: D0S0 D16S0 D24S0 D32S0 Packed-D24S8 
08:43:29: [GL] : Valid FBO targets PF_UNKNOWN PF_L8 PF_A8 PF_A4L4 PF_BYTE_LA PF_R5G6B5 PF_B5G6R5 PF_A1R5G5B5 PF_R8G8B8 PF_B8G8R8 PF_A8R8G8B8 PF_B8G8R8A8 PF_A2R10G10B10 PF_A2B10G10R10 PF_FLOAT16_RGB PF_FLOAT16_RGBA PF_FLOAT32_RGB PF_FLOAT32_RGBA PF_X8R8G8B8 PF_X8B8G8R8 PF_SHORT_RGBA PF_R3G3B2 PF_FLOAT16_R PF_FLOAT32_R PF_FLOAT16_GR PF_FLOAT32_GR PF_SHORT_RGB 
08:43:29: RenderSystem capabilities
08:43:29: -------------------------
08:43:29: RenderSystem Name: OpenGL Rendering Subsystem
08:43:29: GPU Vendor: nvidia
08:43:29: Device Name: GeForce 9500 GT/PCI/SSE2
08:43:29: Driver Version: 3.3.0.0
08:43:29:  * Fixed function pipeline: yes
08:43:29:  * Hardware generation of mipmaps: yes
08:43:29:  * Texture blending: yes
08:43:29:  * Anisotropic texture filtering: yes
08:43:29:  * Dot product texture operation: yes
08:43:29:  * Cube mapping: yes
08:43:29:  * Hardware stencil buffer: yes
08:43:29:    - Stencil depth: 8
08:43:29:    - Two sided stencil support: yes
08:43:29:    - Wrap stencil values: yes
08:43:29:  * Hardware vertex / index buffers: yes
08:43:29:  * Vertex programs: yes
08:43:29:  * Number of floating-point constants for vertex programs: 1024
08:43:29:  * Number of integer constants for vertex programs: 0
08:43:29:  * Number of boolean constants for vertex programs: 0
08:43:29:  * Fragment programs: yes
08:43:29:  * Number of floating-point constants for fragment programs: 512
08:43:29:  * Number of integer constants for fragment programs: 0
08:43:29:  * Number of boolean constants for fragment programs: 0
08:43:29:  * Geometry programs: yes
08:43:29:  * Number of floating-point constants for geometry programs: 512
08:43:29:  * Number of integer constants for geometry programs: 0
08:43:29:  * Number of boolean constants for geometry programs: 0
08:43:29:  * Supported Shader Profiles: arbfp1 arbvp1 fp20 fp30 fp40 glsl gp4gp gpu_gp nvgp4 vp30 vp40
08:43:29:  * Texture Compression: yes
08:43:29:    - DXT: yes
08:43:29:    - VTC: yes
08:43:29:    - PVRTC: no
08:43:29:  * Scissor Rectangle: yes
08:43:29:  * Hardware Occlusion Query: yes
08:43:29:  * User clip planes: yes
08:43:29:  * VET_UBYTE4 vertex element type: yes
08:43:29:  * Infinite far plane projection: yes
08:43:29:  * Hardware render-to-texture: yes
08:43:29:  * Floating point textures: yes
08:43:29:  * Non-power-of-two textures: yes
08:43:29:  * Volume textures: yes
08:43:29:  * Multiple Render Targets: 8
08:43:29:    - With different bit depths: yes
08:43:29:  * Point Sprites: yes
08:43:29:  * Extended point parameters: yes
08:43:29:  * Max Point Size: 63.375
08:43:29:  * Vertex texture fetch: yes
08:43:29:  * Number of world matrices: 0
08:43:29:  * Number of texture units: 32
08:43:29:  * Stencil buffer depth: 8
08:43:29:  * Number of vertex blend matrices: 0
08:43:29:    - Max vertex textures: 32
08:43:29:    - Vertex textures shared: yes
08:43:29:  * Render to Vertex Buffer : yes
08:43:29:  * GL 1.5 without VBO workaround: no
08:43:29:  * Frame Buffer objects: yes
08:43:29:  * Frame Buffer objects (ARB extension): no
08:43:29:  * Frame Buffer objects (ATI extension): no
08:43:29:  * PBuffer support: yes
08:43:29:  * GL 1.5 without HW-occlusion workaround: no
08:43:29: Registering ResourceManager for type Texture
08:43:29: DefaultWorkQueue('Root') initialising on thread 0xc00ac0.
08:43:29: DefaultWorkQueue('Root')::WorkerFunc - thread 0xed45d0 starting.
08:43:29: DefaultWorkQueue('Root')::WorkerFunc - thread 0xeddde0 starting.
08:43:29: Particle Renderer Type 'billboard' registered
08:43:29: DefaultWorkQueue('Root')::WorkerFunc - thread 0xd03030 starting.
08:43:29: DefaultWorkQueue('Root')::WorkerFunc - thread 0xede6c0 starting.
08:43:29: SceneManagerFactory for type 'BspSceneManager' registered.
08:43:29: Registering ResourceManager for type BspLevel
08:43:29: SceneManagerFactory for type 'PCZSceneManager' registered.
08:43:29: MovableObjectFactory for type 'PCZLight' registered.
08:43:29: MovableObjectFactory for type 'Portal' registered.
08:43:29: MovableObjectFactory for type 'AntiPortal' registered.
08:43:29: PCZone Factory Type 'ZoneType_Octree' registered
08:43:29: PCZone Factory Type 'ZoneType_Terrain' registered
08:43:29: SceneManagerFactory for type 'OctreeSceneManager' registered.
08:43:29: SceneManagerFactory for type 'TerrainSceneManager' registered.
08:43:29: Parsing scripts for resource group Autodetect
08:43:29: Finished parsing scripts for resource group Autodetect
08:43:29: Parsing scripts for resource group Essential
08:43:29: Parsing script SdkTrays.material
08:43:29: Parsing script SdkTrays.fontdef
08:43:29: Parsing script SdkTrays.overlay
08:43:29: Bad element attribute line: '# you can offset the image to change the cursor "hotspot"' for element SdkTrays/Cursor in overlay 
08:43:29: Texture: sdk_cursor.png: Loading 1 faces(PF_A8R8G8B8,32x32x1) with 5 generated mipmaps from Image. Internal format is PF_A8R8G8B8,32x32x1.
08:43:29: Texture: sdk_tray.png: Loading 1 faces(PF_A8R8G8B8,64x64x1) with 5 generated mipmaps from Image. Internal format is PF_A8R8G8B8,64x64x1.
08:43:29: Texture: sdk_button_up.png: Loading 1 faces(PF_A8R8G8B8,128x32x1) with 5 generated mipmaps from Image. Internal format is PF_A8R8G8B8,128x32x1.
08:43:29: Texture: sdk_text_box.png: Loading 1 faces(PF_A8R8G8B8,32x32x1) with 5 generated mipmaps from Image. Internal format is PF_A8R8G8B8,32x32x1.
08:43:29: Texture: sdk_mini_tray.png: Loading 1 faces(PF_A8R8G8B8,32x32x1) with 5 generated mipmaps from Image. Internal format is PF_A8R8G8B8,32x32x1.
08:43:29: Texture: sdk_track.png: Loading 1 faces(PF_A8R8G8B8,16x32x1) with 5 generated mipmaps from Image. Internal format is PF_A8R8G8B8,16x32x1.
08:43:29: Texture: sdk_handle.png: Loading 1 faces(PF_A8R8G8B8,16x16x1) with 4 generated mipmaps from Image. Internal format is PF_A8R8G8B8,16x16x1.
08:43:29: Texture: sdk_mini_text_box.png: Loading 1 faces(PF_A8R8G8B8,32x32x1) with 5 generated mipmaps from Image. Internal format is PF_A8R8G8B8,32x32x1.
08:43:29: Texture: sdk_label.png: Loading 1 faces(PF_A8R8G8B8,32x32x1) with 5 generated mipmaps from Image. Internal format is PF_A8R8G8B8,32x32x1.
08:43:29: Texture: sdk_separator.png: Loading 1 faces(PF_A8R8G8B8,64x16x1) with 5 generated mipmaps from Image. Internal format is PF_A8R8G8B8,64x16x1.
08:43:29: Texture: sdk_logo.png: Loading 1 faces(PF_A8R8G8B8,128x64x1) with 5 generated mipmaps from Image. Internal format is PF_A8R8G8B8,128x64x1.
08:43:29: Texture: sdk_shade.png: Loading 1 faces(PF_A8R8G8B8,64x48x1) with 5 generated mipmaps from Image. Internal format is PF_A8R8G8B8,64x48x1.
08:43:29: Texture: sdk_frame.png: Loading 1 faces(PF_A8R8G8B8,32x32x1) with 5 generated mipmaps from Image. Internal format is PF_A8R8G8B8,32x32x1.
08:43:29: Texture: sdk_mini_text_box_over.png: Loading 1 faces(PF_A8R8G8B8,32x32x1) with 5 generated mipmaps from Image. Internal format is PF_A8R8G8B8,32x32x1.
08:43:29: Texture: sdk_pulse.png: Loading 1 faces(PF_R8G8B8,8x1x1) with 3 generated mipmaps from Image. Internal format is PF_X8R8G8B8,8x1x1.
08:43:29: Finished parsing scripts for resource group Essential
08:43:29: Parsing scripts for resource group General
08:43:29: Finished parsing scripts for resource group General
08:43:29: Parsing scripts for resource group Internal
08:43:29: Finished parsing scripts for resource group Internal
08:43:29: Parsing scripts for resource group Popular
08:43:29: Parsing script StdQuad_vp.program
08:43:29: Parsing script Examples.program
08:43:29: GLSL compiling: Ogre/BasicVertexPrograms/AmbientOneTextureGLSL
08:43:30: GLSL compiled : Ogre/BasicVertexPrograms/AmbientOneTextureGLSL
08:43:30: GLSL compiling: Ogre/HardwareSkinningTwoWeightsGLSL
08:43:30: GLSL compiled : Ogre/HardwareSkinningTwoWeightsGLSL
08:43:30: OGRE EXCEPTION(2:InvalidParametersException): Parameter called ambient does not exist.  in GpuProgramParameters::_findNamedConstantDefinition at /home/chrismar035/ogre/ogre_src_v1-7-2/OgreMain/src/OgreGpuProgramParams.cpp (line 1433)
08:43:30: Compiler error: invalid parameters in Examples.program(130): setting of constant failed
08:43:30: Parsing script ShadowCaster.program
08:43:30: Parsing script deferred_post.program
08:43:30: Parsing script shadows.material
08:43:30: Parsing script Examples-Water.material
08:43:30: Parsing script CompositorDemo.material
08:43:30: Parsing script VarianceShadowmap.material
08:43:30: Parsing script Dither.material
08:43:30: Parsing script Examples-Advanced.material
08:43:30: Compiler error: object unsupported by render system in Examples-Advanced.material(383)
08:43:30: Parsing script Ogre.material
08:43:30: Parsing script BlackAndWhite.material
08:43:30: Parsing script OffsetMapping.material
08:43:30: Compiler error: object unsupported by render system in OffsetMapping.material(18)
08:43:30: GLSL compiling: Examples/OffsetMappingIntegratedShadowsFPglsl
08:43:30: GLSL compiled : Examples/OffsetMappingIntegratedShadowsFPglsl
08:43:30: GLSL compiling: Examples/OffsetMappingIntegratedShadowsVPglsl
08:43:30: GLSL compiled : Examples/OffsetMappingIntegratedShadowsVPglsl
08:43:30: Parsing script Glass.material
08:43:30: Parsing script ASMSwizzle.material
08:43:30: Parsing script Posterize.material
08:43:30: Parsing script hdr.material
08:43:30: GLSL compiling: Ogre/Compositor/HDR/downscale2x2LuminenceGLSL_fp
08:43:30: GLSL compiled : Ogre/Compositor/HDR/downscale2x2LuminenceGLSL_fp
08:43:30: GLSL compiling: Ogre/Compositor/StdQuad_GLSL_vp
08:43:30: GLSL compiled : Ogre/Compositor/StdQuad_GLSL_vp
08:43:30: GLSL compiling: Ogre/Compositor/HDR/downscale3x3GLSL_fp
08:43:30: GLSL compiled : Ogre/Compositor/HDR/downscale3x3GLSL_fp
08:43:30: GLSL compiling: Ogre/Compositor/HDR/utils_fp
08:43:30: GLSL compiled : Ogre/Compositor/HDR/utils_fp
08:43:30: GLSL compiling: Ogre/Compositor/HDR/downscale3x3brightpassGLSL_fp
08:43:30: GLSL compiled : Ogre/Compositor/HDR/downscale3x3brightpassGLSL_fp
08:43:30: GLSL compiling: Ogre/Compositor/HDR/bloomGLSL_fp
08:43:30: GLSL compiled : Ogre/Compositor/HDR/bloomGLSL_fp
08:43:30: GLSL compiling: Ogre/Compositor/HDR/utils_fp
08:43:30: GLSL compiled : Ogre/Compositor/HDR/utils_fp
08:43:30: GLSL compiling: Ogre/Compositor/HDR/finaltonemappingGLSL_fp
08:43:30: GLSL compiled : Ogre/Compositor/HDR/finaltonemappingGLSL_fp
08:43:30: Parsing script Embossed.material
08:43:30: Parsing script ParticleGS.material
08:43:30: Parsing script Examples-DynTex.material
08:43:30: Parsing script Example-Water.material
08:43:30: Parsing script IsoSurf.material
08:43:30: Problem parsing the following Cg Uniform: '@TMP0' in file Ogre/IsoSurf/TessellateTetrahedraGS
08:43:30: Parsing script SharpenEdges.material
08:43:30: Parsing script facial.material
08:43:30: Parsing script Examples.material
08:43:30: OGRE EXCEPTION(2:InvalidParametersException): Parameter called camObjPos does not exist.  in GpuProgramParameters::_findNamedConstantDefinition at /home/chrismar035/ogre/ogre_src_v1-7-2/OgreMain/src/OgreGpuProgramParams.cpp (line 1433)
08:43:30: Compiler error: invalid parameters in Examples.material(837): setting of constant failed
08:43:30: GLSL compiling: Ogre/HardwareSkinningTwoWeightsShadowCasterGLSL
08:43:30: GLSL compiled : Ogre/HardwareSkinningTwoWeightsShadowCasterGLSL
08:43:30: Parsing script DOF.material
08:43:30: OGRE EXCEPTION(7:InternalErrorException): Unable to find CG profile enum for program DOF_Blend_ps: The parameter used is invalid. in CgProgram::selectProfile at /home/chrismar035/ogre/ogre_src_v1-7-2/PlugIns/CgProgramManager/src/OgreCgProgramManagerDll.cpp (line 67)
08:43:30: High-level program DOF_Blend_ps encountered an error during loading and is thus not supported.
OGRE EXCEPTION(7:InternalErrorException): Unable to find CG profile enum for program DOF_Blend_ps: The parameter used is invalid. in CgProgram::selectProfile at /home/chrismar035/ogre/ogre_src_v1-7-2/PlugIns/CgProgramManager/src/OgreCgProgramManagerDll.cpp (line 67)
08:43:30: Parsing script GLSLSwizzle.material
08:43:30: GLSL compiling: Ogre/GPTest/Swizzle_GP_GLSL
08:43:30: GLSL compiled : Ogre/GPTest/Swizzle_GP_GLSL
08:43:30: GLSL compiling: Ogre/GPTest/Passthrough_VP_GLSL
08:43:30: GLSL compiled : Ogre/GPTest/Passthrough_VP_GLSL
08:43:30: Parsing script Halftone.material
08:43:30: Parsing script Bloom.material
08:43:30: GLSL compiling: Blur_ps_glsl
08:43:30: GLSL compiled : Blur_ps_glsl
08:43:30: GLSL compiling: Blur0_vs_glsl
08:43:30: GLSL compiled : Blur0_vs_glsl
08:43:30: GLSL compiling: Blur1_vs_glsl
08:43:30: GLSL compiled : Blur1_vs_glsl
08:43:30: Parsing script NightVision.material
08:43:30: Parsing script Ocean.material
08:43:30: GLSL compiling: GLSL/OceanVS
08:43:30: GLSL compiled : GLSL/OceanVS
08:43:30: GLSL compiling: GLSL/OceanFS
08:43:30: GLSL compiled : GLSL/OceanFS
08:43:30: GLSL compiling: GLSL/Ocean2VS
08:43:30: GLSL compiled : GLSL/Ocean2VS
08:43:30: GLSL compiling: GLSL/Ocean2FS
08:43:30: GLSL compiled : GLSL/Ocean2FS
08:43:30: Parsing script Laplace.material
08:43:30: Parsing script OldTV.material
08:43:30: Parsing script Penguin.material
08:43:30: Parsing script CGSwizzle.material
08:43:30: Parsing script Bloom2.material
08:43:30: GLSL compiling: Bloom2_ps20_glsl
08:43:30: GLSL compiled : Bloom2_ps20_glsl
08:43:30: Parsing script RZR-002.material
08:43:30: Parsing script MotionBlur.material
08:43:30: Parsing script sibenik.material
08:43:30: Parsing script pssm.material
08:43:30: Parsing script smoke.material
08:43:30: Parsing script HeatVision.material
08:43:30: Parsing script MRTtest.material
08:43:30: GLSL compiling: Ogre/MRTtest/scenefp/GLSL
08:43:30: GLSL compiled : Ogre/MRTtest/scenefp/GLSL
08:43:30: GLSL compiling: Ogre/MRTtest/quadfp/GLSL
08:43:30: GLSL compiled : Ogre/MRTtest/quadfp/GLSL
08:43:30: Parsing script ShaderSystem.material
08:43:30: Parsing script Tiling.material
08:43:30: Parsing script Invert.material
08:43:30: Parsing script RadialBlur.material
08:43:30: Parsing script DepthShadowmap.material
08:43:30: GLSL compiling: Ogre/DepthShadowmap/CasterVP_GLSL
08:43:30: GLSL compiled : Ogre/DepthShadowmap/CasterVP_GLSL
08:43:30: GLSL compiling: Ogre/DepthShadowmap/CasterFP_GLSL
08:43:30: GLSL compiled : Ogre/DepthShadowmap/CasterFP_GLSL
08:43:30: GLSL compiling: Ogre/DepthShadowmap/ReceiverVP_GLSL
08:43:30: GLSL compiled : Ogre/DepthShadowmap/ReceiverVP_GLSL
08:43:30: GLSL compiling: Ogre/DepthShadowmap/ReceiverFP_GLSL
08:43:30: GLSL compiled : Ogre/DepthShadowmap/ReceiverFP_GLSL
08:43:30: GLSL compiling: Ogre/DepthShadowmap/ReceiverFPPCF_GLSL
08:43:30: GLSL compiled : Ogre/DepthShadowmap/ReceiverFPPCF_GLSL
08:43:30: GLSL compiling: Ogre/DepthShadowmap/NormalMapReceiverVP_GLSL
08:43:30: GLSL compiled : Ogre/DepthShadowmap/NormalMapReceiverVP_GLSL
08:43:30: GLSL compiling: Ogre/DepthShadowmap/NormalMapReceiverFP_GLSL
08:43:30: GLSL compiled : Ogre/DepthShadowmap/NormalMapReceiverFP_GLSL
08:43:30: GLSL compiling: Ogre/DepthShadowmap/NormalMapReceiverFPPCF_GLSL
08:43:30: GLSL compiled : Ogre/DepthShadowmap/NormalMapReceiverFPPCF_GLSL
08:43:30: Parsing script ASCII.material
08:43:30: Parsing script Hurt.material
08:43:30: Parsing script instancing.material
08:43:30: GLSL compiling: InstancingGLSL
08:43:30: GLSL compiled : InstancingGLSL
08:43:30: GLSL compiling: InstancingShadowCasterGLSL
08:43:30: GLSL compiled : InstancingShadowCasterGLSL
08:43:30: GLSL compiling: CrowdGLSL
08:43:30: GLSL compiled : CrowdGLSL
08:43:30: GLSL compiling: CrowdShadowCasterGLSL
08:43:30: GLSL compiled : CrowdShadowCasterGLSL
08:43:30: Parsing script OldMovie.material
08:43:30: Parsing script deferred_post_minilight.material
08:43:30: Parsing script ssao.material
08:43:30: Parsing script deferred_post.material
08:43:30: Parsing script ShadowCaster.material
08:43:30: Parsing script deferreddemo.material
08:43:30: Parsing script ROOM.material
08:43:30: Parsing script RTShaderSystem.material
08:43:30: Compiler error: unknown error in RTShaderSystem.material(23): token "rtshader_system" is not recognized
08:43:30: Compiler error: unknown error in RTShaderSystem.material(52): token "rtshader_system" is not recognized
08:43:30: Compiler error: unknown error in RTShaderSystem.material(81): token "rtshader_system" is not recognized
08:43:30: Compiler error: unknown error in RTShaderSystem.material(110): token "rtshader_system" is not recognized
08:43:30: Compiler error: unknown error in RTShaderSystem.material(146): token "rtshader_system" is not recognized
08:43:30: Compiler error: unknown error in RTShaderSystem.material(81): token "rtshader_system" is not recognized
08:43:30: Compiler error: unknown error in RTShaderSystem.material(162): token "rtshader_system" is not recognized
08:43:30: Compiler error: unknown error in RTShaderSystem.material(81): token "rtshader_system" is not recognized
08:43:30: Compiler error: unknown error in RTShaderSystem.material(110): token "rtshader_system" is not recognized
08:43:30: Parsing script RomanBath.material
08:43:30: Parsing script Sinbad.material
08:43:30: Parsing script Examples-Water.particle
08:43:30: Parsing script Examples.particle
08:43:30: Parsing script smoke.particle
08:43:30: Parsing script emitted_emitter.particle
08:43:30: Parsing script Examples.compositor
08:43:30: Parsing script ssao.compositor
08:43:30: Parsing script deferred.compositor
08:43:30: Parsing script sample.fontdef
08:43:30: Finished parsing scripts for resource group Popular
08:43:30: Mesh: Loading ogrehead.mesh.
08:43:30: Texture: GreenSkin.jpg: Loading 1 faces(PF_R8G8B8,256x256x1) with 5 generated mipmaps from Image. Internal format is PF_X8R8G8B8,256x256x1.
08:43:30: Texture: spheremap.png: Loading 1 faces(PF_R8G8B8,256x256x1) with 5 generated mipmaps from Image. Internal format is PF_X8R8G8B8,256x256x1.
08:43:30: Texture: tusk.jpg: Loading 1 faces(PF_R8G8B8,96x96x1) with 5 generated mipmaps from Image. Internal format is PF_X8R8G8B8,96x96x1.
08:43:30: Texture: BeachStones.jpg: Loading 1 faces(PF_R8G8B8,512x512x1) with 5 generated mipmaps from Image. Internal format is PF_X8R8G8B8,512x512x1.
08:43:30: *** Initializing OIS ***
08:43:30: Font SdkTrays/Captionusing texture size 512x256
08:43:30: Info: Freetype returned null for character 160 in font SdkTrays/Caption
08:43:30: Texture: SdkTrays/CaptionTexture: Loading 1 faces(PF_BYTE_LA,512x256x1) with 0 generated mipmaps from Image. Internal format is PF_BYTE_LA,512x256x1.
08:43:30: Font SdkTrays/Valueusing texture size 512x256
08:43:30: Info: Freetype returned null for character 127 in font SdkTrays/Value
08:43:30: Info: Freetype returned null for character 128 in font SdkTrays/Value
08:43:30: Info: Freetype returned null for character 129 in font SdkTrays/Value
08:43:30: Info: Freetype returned null for character 130 in font SdkTrays/Value
08:43:30: Info: Freetype returned null for character 131 in font SdkTrays/Value
08:43:30: Info: Freetype returned null for character 132 in font SdkTrays/Value
08:43:30: Info: Freetype returned null for character 133 in font SdkTrays/Value
08:43:30: Info: Freetype returned null for character 134 in font SdkTrays/Value
08:43:30: Info: Freetype returned null for character 135 in font SdkTrays/Value
08:43:30: Info: Freetype returned null for character 136 in font SdkTrays/Value
08:43:30: Info: Freetype returned null for character 137 in font SdkTrays/Value
08:43:30: Info: Freetype returned null for character 138 in font SdkTrays/Value
08:43:30: Info: Freetype returned null for character 139 in font SdkTrays/Value
08:43:30: Info: Freetype returned null for character 140 in font SdkTrays/Value
08:43:30: Info: Freetype returned null for character 141 in font SdkTrays/Value
08:43:30: Info: Freetype returned null for character 142 in font SdkTrays/Value
08:43:30: Info: Freetype returned null for character 143 in font SdkTrays/Value
08:43:30: Info: Freetype returned null for character 144 in font SdkTrays/Value
08:43:30: Info: Freetype returned null for character 145 in font SdkTrays/Value
08:43:30: Info: Freetype returned null for character 146 in font SdkTrays/Value
08:43:30: Info: Freetype returned null for character 147 in font SdkTrays/Value
08:43:30: Info: Freetype returned null for character 148 in font SdkTrays/Value
08:43:30: Info: Freetype returned null for character 149 in font SdkTrays/Value
08:43:30: Info: Freetype returned null for character 150 in font SdkTrays/Value
08:43:30: Info: Freetype returned null for character 151 in font SdkTrays/Value
08:43:30: Info: Freetype returned null for character 152 in font SdkTrays/Value
08:43:30: Info: Freetype returned null for character 153 in font SdkTrays/Value
08:43:30: Info: Freetype returned null for character 154 in font SdkTrays/Value
08:43:30: Info: Freetype returned null for character 155 in font SdkTrays/Value
08:43:30: Info: Freetype returned null for character 156 in font SdkTrays/Value
08:43:30: Info: Freetype returned null for character 157 in font SdkTrays/Value
08:43:30: Info: Freetype returned null for character 158 in font SdkTrays/Value
08:43:30: Info: Freetype returned null for character 159 in font SdkTrays/Value
08:43:30: Info: Freetype returned null for character 160 in font SdkTrays/Value
08:43:30: Texture: SdkTrays/ValueTexture: Loading 1 faces(PF_BYTE_LA,512x256x1) with 0 generated mipmaps from Image. Internal format is PF_BYTE_LA,512x256x1.
08:43:54: DefaultWorkQueue('Root') shutting down on thread 0xc00ac0.
08:43:54: DefaultWorkQueue('Root')::WorkerFunc - thread 0xeddde0 stopped.
08:43:54: DefaultWorkQueue('Root')::WorkerFunc - thread 0xed45d0 stopped.
08:43:54: DefaultWorkQueue('Root')::WorkerFunc - thread 0xd03030 stopped.
08:43:54: DefaultWorkQueue('Root')::WorkerFunc - thread 0xede6c0 stopped.
08:43:54: PCZone Factory Type 'ZoneType_Octree' unregistered
08:43:54: PCZone Factory Type 'ZoneType_Terrain' unregistered
08:43:54: Unregistering ResourceManager for type BspLevel
08:43:54: *-*-* OGRE Shutdown
08:43:54: Unregistering ResourceManager for type Compositor
08:43:54: Unregistering ResourceManager for type Font
08:43:54: Unregistering ResourceManager for type Skeleton
08:43:54: Unregistering ResourceManager for type Mesh
08:43:54: Unregistering ResourceManager for type HighLevelGpuProgram
08:43:54: Uninstalling plugin: Octree & Terrain Scene Manager
08:43:54: Plugin successfully uninstalled
08:43:54: Unloading library /home/chrismar035/ogre/ogre_src_v1-7-2/build/lib/Plugin_OctreeSceneManager
08:43:54: Uninstalling plugin: Octree Zone Factory
08:43:54: Plugin successfully uninstalled
08:43:54: Unloading library /home/chrismar035/ogre/ogre_src_v1-7-2/build/lib/Plugin_OctreeZone
08:43:54: Uninstalling plugin: Portal Connected Zone Scene Manager
08:43:54: Plugin successfully uninstalled
08:43:54: Unloading library /home/chrismar035/ogre/ogre_src_v1-7-2/build/lib/Plugin_PCZSceneManager
08:43:54: Uninstalling plugin: Cg Program Manager
08:43:54: Plugin successfully uninstalled
08:43:54: Unloading library /home/chrismar035/ogre/ogre_src_v1-7-2/build/lib/Plugin_CgProgramManager
08:43:54: Uninstalling plugin: BSP Scene Manager
08:43:54: Plugin successfully uninstalled
08:43:54: Unloading library /home/chrismar035/ogre/ogre_src_v1-7-2/build/lib/Plugin_BSPSceneManager
08:43:54: Uninstalling plugin: ParticleFX
08:43:54: Plugin successfully uninstalled
08:43:54: Unloading library /home/chrismar035/ogre/ogre_src_v1-7-2/build/lib/Plugin_ParticleFX
08:43:54: Uninstalling plugin: GL RenderSystem
08:43:54: Unregistering ResourceManager for type GpuProgram
08:43:54: ******************************
*** Stopping GLX Subsystem ***
******************************
08:43:54: Unregistering ResourceManager for type Texture
08:43:54: Plugin successfully uninstalled
08:43:54: Unloading library /home/chrismar035/ogre/ogre_src_v1-7-2/build/lib/RenderSystem_GL
08:43:54: Unregistering ResourceManager for type Material
